
> sierra-blu-platform@0.1.0 build
> next build

▲ Next.js 16.2.1 (Turbopack)
- Environments: .env.local

  Creating an optimized production build ...
✓ Compiled successfully in 8.7s
  Running TypeScript ...
  Finished TypeScript in 7.6s ...
  Collecting page data using 11 workers ...
  Generating static pages using 11 workers (0/11) ...
  Generating static pages using 11 workers (2/11) 
  Generating static pages using 11 workers (5/11) 
  Generating static pages using 11 workers (8/11) 
✓ Generating static pages using 11 workers (11/11) in 718ms
  Finalizing page optimization ...

Route (app)
┌ ○ /
├ ○ /_not-found
├ ƒ /api/leads
├ ƒ /api/openclaw
├ ƒ /api/property-finder
├ ƒ /api/sync
├ ƒ /api/telegram/setup
├ ƒ /api/telegram/webhook
└ ○ /landing


ƒ Proxy (Middleware)

○  (Static)   prerendered as static content
ƒ  (Dynamic)  server-rendered on demand

